[1022/152944.452:INFO:CONSOLE(123)] "Event handler of 'x-storagemutated-1' event must be added on the initial evaluation of worker script.", source: https://static.whatsapp.net/rsrc.php/v3/yd/r/DqiE7SUZLtK.js (123)
[1022/152944.682:INFO:CONSOLE(0)] "Error with Permissions-Policy header: Feature xr-spatial-tracking's parameters are ignored.", source:  (0)
[1022/152944.682:INFO:CONSOLE(0)] "Error with Permissions-Policy header: Origin trial controlled feature not enabled: 'attribution-reporting'.", source:  (0)
[1022/152944.682:INFO:CONSOLE(0)] "Error with Permissions-Policy header: Unrecognized feature: 'compute-pressure'.", source:  (0)
[1022/152944.688:INFO:CONSOLE(0)] "Error with Permissions-Policy header: Origin trial controlled feature not enabled: 'interest-cohort'.", source:  (0)
[1022/152944.688:INFO:CONSOLE(0)] "Error with Permissions-Policy header: Unrecognized feature: 'private-state-token-issuance'.", source:  (0)
[1022/152944.688:INFO:CONSOLE(0)] "Error with Permissions-Policy header: Origin trial controlled feature not enabled: 'shared-storage'.", source:  (0)
[1022/152944.689:INFO:CONSOLE(0)] "Error with Permissions-Policy header: Unrecognized feature: 'shared-storage-select-url'.", source:  (0)
[1022/152944.689:INFO:CONSOLE(0)] "Error with Permissions-Policy header: Unrecognized feature: 'private-state-token-redemption'.", source:  (0)
[1022/152944.689:INFO:CONSOLE(0)] "Error with Permissions-Policy header: Unrecognized feature: 'unload'.", source:  (0)
[1022/152944.689:INFO:CONSOLE(0)] "Error with Permissions-Policy header: Unrecognized feature: 'window-management'.", source:  (0)
[1022/152946.569:INFO:CONSOLE(123)] "Event handler of 'x-storagemutated-1' event must be added on the initial evaluation of worker script.", source: https://static.whatsapp.net/rsrc.php/v3/yd/r/DqiE7SUZLtK.js (123)
[1022/152948.609:INFO:CONSOLE(344)] "WAWebLoggerWorker initialized", source: https://static.whatsapp.net/rsrc.php/v3/y6/r/ENTLTW0xfpl.js (344)
[1022/152948.611:INFO:CONSOLE(344)] "[storage] start setSchemaVersions from fts worker interface", source: https://static.whatsapp.net/rsrc.php/v3/y6/r/ENTLTW0xfpl.js (344)
[1022/152948.612:INFO:CONSOLE(344)] "[storage] set schema versions: [model-storage,160,fts-storage,8,jobs-storage,1,lru-media-storage-idb,2,offd-storage,4,qpl-storage,0,signal-storage,6,worker-storage,1,sw,2,wawc,14,wawc_db_enc,2]. is worker? true", source: https://static.whatsapp.net/rsrc.php/v3/y6/r/ENTLTW0xfpl.js (344)
[1022/152950.293:INFO:CONSOLE(344)] "FTS:Delegate: start indexer", source: https://static.whatsapp.net/rsrc.php/v3/y6/r/ENTLTW0xfpl.js (344)
[1022/152950.294:INFO:CONSOLE(344)] "FTS:Delegate: start perform init", source: https://static.whatsapp.net/rsrc.php/v3/y6/r/ENTLTW0xfpl.js (344)
[1022/152950.294:INFO:CONSOLE(344)] "FTS:Delegate: schema versions ready", source: https://static.whatsapp.net/rsrc.php/v3/y6/r/ENTLTW0xfpl.js (344)
[1022/152950.294:INFO:CONSOLE(344)] "FTS:Delegate: before db initialization", source: https://static.whatsapp.net/rsrc.php/v3/y6/r/ENTLTW0xfpl.js (344)
[1022/152950.295:INFO:CONSOLE(344)] "[storage] applying schema versions from [0 to 8] for the database: 'fts-storage'", source: https://static.whatsapp.net/rsrc.php/v3/y6/r/ENTLTW0xfpl.js (344)
[1022/152950.344:INFO:CONSOLE(344)] "[storage] applying schema versions from [0 to 160] for the database: 'model-storage'", source: https://static.whatsapp.net/rsrc.php/v3/y6/r/ENTLTW0xfpl.js (344)
[1022/152952.617:INFO:CONSOLE(344)] "FTS:Delegate: after db initialization", source: https://static.whatsapp.net/rsrc.php/v3/y6/r/ENTLTW0xfpl.js (344)
[1022/152952.621:INFO:CONSOLE(344)] "FTS:Manifest Writer: No changes made, current:['3.1', '1'], latest:['3.1', '1']", source: https://static.whatsapp.net/rsrc.php/v3/y6/r/ENTLTW0xfpl.js (344)
[1022/152952.622:INFO:CONSOLE(344)] "FTS:Delegate: Inited", source: https://static.whatsapp.net/rsrc.php/v3/y6/r/ENTLTW0xfpl.js (344)
[1022/152952.622:INFO:CONSOLE(344)] "FTS:Delegate: Init indexing ops", source: https://static.whatsapp.net/rsrc.php/v3/y6/r/ENTLTW0xfpl.js (344)
[1022/152952.633:INFO:CONSOLE(344)] "FTS:Indexer:indexQueuedBatch: Starting new batch size : 1000", source: https://static.whatsapp.net/rsrc.php/v3/y6/r/ENTLTW0xfpl.js (344)
[1022/152952.634:INFO:CONSOLE(344)] "FTS:Indexer:indexQueuedBatch: Completed", source: https://static.whatsapp.net/rsrc.php/v3/y6/r/ENTLTW0xfpl.js (344)
[1022/153450.553:INFO:CONSOLE(123)] "Event handler of 'x-storagemutated-1' event must be added on the initial evaluation of worker script.", source: https://static.whatsapp.net/rsrc.php/v3/yd/r/DqiE7SUZLtK.js (123)
[1022/153652.292:INFO:CONSOLE(344)] "App reconnected to chatd, during same session", source: https://static.whatsapp.net/rsrc.php/v3/y6/r/ENTLTW0xfpl.js (344)
[1022/153652.886:INFO:CONSOLE(123)] "Event handler of 'x-storagemutated-1' event must be added on the initial evaluation of worker script.", source: https://static.whatsapp.net/rsrc.php/v3/yd/r/DqiE7SUZLtK.js (123)
[1022/154736.939:INFO:CONSOLE(123)] "Event handler of 'x-storagemutated-1' event must be added on the initial evaluation of worker script.", source: https://static.whatsapp.net/rsrc.php/v3/yd/r/DqiE7SUZLtK.js (123)
[1022/154739.314:INFO:CONSOLE(344)] "App reconnected to chatd, during same session", source: https://static.whatsapp.net/rsrc.php/v3/y6/r/ENTLTW0xfpl.js (344)
